<?xml version="1.0" encoding="UTF-8"?>
<!-- Generated by org.testng.reporters.JUnitReportReporter -->
<testsuite hostname="DESKTOP-TT4GVNV" failures="0" tests="2" name="MavenJen.JenkinsPipeline.CalculatorAppTest" time="0.018" errors="0" timestamp="2024-03-28T13:24:59 IST" skipped="0">
  <testcase classname="MavenJen.JenkinsPipeline.CalculatorAppTest" name="testSub" time="0.002"/>
  <testcase classname="MavenJen.JenkinsPipeline.CalculatorAppTest" name="testAdd" time="0.016"/>
</testsuite> <!-- MavenJen.JenkinsPipeline.CalculatorAppTest -->
